==== Cycle 1 ====

The method '[Method] java.lang.String access$getApplicationId(com.azure.android.communication.ui.calling.DiagnosticConfig $this)' was removed because its name contains a dollar sign.
The method '[Method] java.util.HashMap access$getConfigs$cp()' was removed because its name contains a dollar sign.
The method '[Method] com.azure.android.communication.ui.calling.configuration.CallConfiguration copy$default(com.azure.android.communication.ui.calling.configuration.CallConfiguration p0, com.azure.android.communication.common.CommunicationTokenCredential p1, java.lang.String p2, java.util.UUID p3, java.lang.String p4, com.azure.android.communication.ui.calling.configuration.CallType p5, int p6, java.lang.Object p7)' was removed because its name contains a dollar sign.
The method '[Method] com.azure.android.communication.ui.calling.configuration.RemoteParticipantViewData copy$default(com.azure.android.communication.ui.calling.configuration.RemoteParticipantViewData p0, com.azure.android.communication.common.CommunicationIdentifier p1, com.azure.android.communication.ui.calling.models.CallCompositeParticipantViewData p2, int p3, java.lang.Object p4)' was removed because its name contains a dollar sign.
The method '[Method] android.content.Context access$getApplicationContext(com.azure.android.communication.ui.calling.di.DependencyInjectionContainerImpl $this)' was removed because its name contains a dollar sign.
The method '[Method] java.util.List access$getAppMiddleware(com.azure.android.communication.ui.calling.di.DependencyInjectionContainerImpl $this)' was removed because its name contains a dollar sign.
The method '[Method] com.azure.android.communication.ui.calling.redux.reducer.Reducer access$getAppReduxStateReducer(com.azure.android.communication.ui.calling.di.DependencyInjectionContainerImpl $this)' was removed because its name contains a dollar sign.
The method '[Method] com.azure.android.communication.ui.calling.redux.reducer.AudioSessionStateReducerImpl access$getAudioSessionReducer(com.azure.android.communication.ui.calling.di.DependencyInjectionContainerImpl $this)' was removed because its name contains a dollar sign.
The method '[Method] com.azure.android.communication.ui.calling.service.sdk.CallingSDKEventHandler access$getCallingSDKEventHandler(com.azure.android.communication.ui.calling.di.DependencyInjectionContainerImpl $this)' was removed because its name contains a dollar sign.
The method '[Method] com.azure.android.communication.ui.calling.service.sdk.CallingSDKWrapper access$getCallingSDKWrapper(com.azure.android.communication.ui.calling.di.DependencyInjectionContainerImpl $this)' was removed because its name contains a dollar sign.
The method '[Method] com.azure.android.communication.ui.calling.service.CallingService access$getCallingService(com.azure.android.communication.ui.calling.di.DependencyInjectionContainerImpl $this)' was removed because its name contains a dollar sign.
The method '[Method] com.azure.android.communication.ui.calling.redux.reducer.CallStateReducerImpl access$getCallStateReducer(com.azure.android.communication.ui.calling.di.DependencyInjectionContainerImpl $this)' was removed because its name contains a dollar sign.
The method '[Method] com.azure.android.communication.ui.calling.utilities.CoroutineContextProvider access$getCoroutineContextProvider(com.azure.android.communication.ui.calling.di.DependencyInjectionContainerImpl $this)' was removed because its name contains a dollar sign.
The method '[Method] com.azure.android.communication.ui.calling.redux.reducer.ErrorReducerImpl access$getErrorReducer(com.azure.android.communication.ui.calling.di.DependencyInjectionContainerImpl $this)' was removed because its name contains a dollar sign.
The method '[Method] com.azure.android.communication.ui.calling.redux.state.AppReduxState access$getInitialState(com.azure.android.communication.ui.calling.di.DependencyInjectionContainerImpl $this)' was removed because its name contains a dollar sign.
The method '[Method] int access$getInstanceId$p(com.azure.android.communication.ui.calling.di.DependencyInjectionContainerImpl $this)' was removed because its name contains a dollar sign.
The method '[Method] com.azure.android.communication.ui.calling.redux.reducer.LifecycleReducerImpl access$getLifecycleReducer(com.azure.android.communication.ui.calling.di.DependencyInjectionContainerImpl $this)' was removed because its name contains a dollar sign.
The method '[Method] com.azure.android.communication.ui.calling.redux.reducer.LocalParticipantStateReducerImpl access$getLocalParticipantStateReducer(com.azure.android.communication.ui.calling.di.DependencyInjectionContainerImpl $this)' was removed because its name contains a dollar sign.
The method '[Method] com.azure.android.communication.ui.calling.logger.DefaultLogger access$getLogger(com.azure.android.communication.ui.calling.di.DependencyInjectionContainerImpl $this)' was removed because its name contains a dollar sign.
The method '[Method] com.azure.android.communication.ui.calling.redux.reducer.NavigationReducerImpl access$getNavigationReducer(com.azure.android.communication.ui.calling.di.DependencyInjectionContainerImpl $this)' was removed because its name contains a dollar sign.
The method '[Method] android.content.Context access$getParentContext$p(com.azure.android.communication.ui.calling.di.DependencyInjectionContainerImpl $this)' was removed because its name contains a dollar sign.
The method '[Method] com.azure.android.communication.ui.calling.redux.reducer.ParticipantStateReducerImpl access$getParticipantStateReducer$p(com.azure.android.communication.ui.calling.di.DependencyInjectionContainerImpl $this)' was removed because its name contains a dollar sign.
The method '[Method] com.azure.android.communication.ui.calling.redux.reducer.PermissionStateReducerImpl access$getPermissionStateReducer(com.azure.android.communication.ui.calling.di.DependencyInjectionContainerImpl $this)' was removed because its name contains a dollar sign.
The method '[Method] com.azure.android.communication.ui.calling.utilities.StoreHandlerThread access$getStoreHandlerThread(com.azure.android.communication.ui.calling.di.DependencyInjectionContainerImpl $this)' was removed because its name contains a dollar sign.
The method '[Method] com.azure.android.core.util.ExpandableStringEnum access$fromString$s1718976230(java.lang.String p0, java.lang.Class p1)' was removed because its name contains a dollar sign.
The method '[Method] com.azure.android.communication.ui.calling.error.ErrorCode access$getCALL_END_FAILED$cp()' was removed because its name contains a dollar sign.
The method '[Method] com.azure.android.communication.ui.calling.error.ErrorCode access$getCALL_JOIN_FAILED$cp()' was removed because its name contains a dollar sign.
The method '[Method] com.azure.android.communication.ui.calling.error.ErrorCode access$getSWITCH_CAMERA_FAILED$cp()' was removed because its name contains a dollar sign.
The method '[Method] com.azure.android.communication.ui.calling.error.ErrorCode access$getTOKEN_EXPIRED$cp()' was removed because its name contains a dollar sign.
The method '[Method] com.azure.android.communication.ui.calling.error.ErrorCode access$getTURN_CAMERA_OFF_FAILED$cp()' was removed because its name contains a dollar sign.
The method '[Method] com.azure.android.communication.ui.calling.error.ErrorCode access$getTURN_CAMERA_ON_FAILED$cp()' was removed because its name contains a dollar sign.
The method '[Method] com.azure.android.communication.ui.calling.error.ErrorCode access$getTURN_MIC_OFF_FAILED$cp()' was removed because its name contains a dollar sign.
The method '[Method] com.azure.android.communication.ui.calling.error.ErrorCode access$getTURN_MIC_ON_FAILED$cp()' was removed because its name contains a dollar sign.
The method '[Method] com.azure.android.communication.ui.calling.error.ErrorCode access$fromString(com.azure.android.communication.ui.calling.error.ErrorCode.Companion $this, java.lang.String name)' was removed because its name contains a dollar sign.
The method '[Method] void access$onStateChanged(com.azure.android.communication.ui.calling.error.ErrorHandler $this, com.azure.android.communication.ui.calling.redux.state.ReduxState state)' was removed because its name contains a dollar sign.
The method '[Method] void access$setLastCallStateError$p(com.azure.android.communication.ui.calling.error.ErrorHandler $this, com.azure.android.communication.ui.calling.error.CallStateError <set-?>)' was removed because its name contains a dollar sign.
The method '[Method] void access$setLastFatalError$p(com.azure.android.communication.ui.calling.error.ErrorHandler $this, com.azure.android.communication.ui.calling.error.FatalError <set-?>)' was removed because its name contains a dollar sign.
The method '[Method] void access$onStateChanged(com.azure.android.communication.ui.calling.handlers.RemoteParticipantHandler $this, com.azure.android.communication.ui.calling.redux.state.RemoteParticipantsState remoteParticipantsState)' was removed because its name contains a dollar sign.
The method '[Method] com.azure.android.communication.ui.calling.models.CallCompositeEventCode access$getCALL_DECLINED$cp()' was removed because its name contains a dollar sign.
The method '[Method] com.azure.android.communication.ui.calling.models.CallCompositeEventCode access$getCALL_EVICTED$cp()' was removed because its name contains a dollar sign.
The method '[Method] com.azure.android.communication.ui.calling.models.ParticipantInfoModel copy$default(com.azure.android.communication.ui.calling.models.ParticipantInfoModel p0, java.lang.String p1, java.lang.String p2, boolean p3, boolean p4, com.azure.android.communication.ui.calling.models.ParticipantStatus p5, com.azure.android.communication.ui.calling.models.VideoStreamModel p6, com.azure.android.communication.ui.calling.models.VideoStreamModel p7, java.lang.Number p8, java.lang.Number p9, int p10, java.lang.Object p11)' was removed because its name contains a dollar sign.
The method '[Method] com.azure.android.communication.ui.calling.models.VideoStreamModel copy$default(com.azure.android.communication.ui.calling.models.VideoStreamModel p0, java.lang.String p1, com.azure.android.communication.ui.calling.models.StreamType p2, int p3, java.lang.Object p4)' was removed because its name contains a dollar sign.
The class '[Class] com.azure.android.communication.ui.calling.presentation.CallCompositeActivity' was removed because the Java base type 'androidx.appcompat.app.AppCompatActivity' could not be found.
The class '[Class] com.azure.android.communication.ui.calling.presentation.DependencyInjectionContainerHolder' was removed because the Java base type 'androidx.lifecycle.AndroidViewModel' could not be found.
The method '[Method] com.azure.android.communication.calling.VideoStreamRenderer getScreenShareVideoStreamRenderer()' was removed because the Java return type 'com.azure.android.communication.calling.VideoStreamRenderer' could not be found.
The constructor 'Constructor: com.azure.android.communication.ui.calling.presentation.VideoViewManager.VideoRenderer.VideoViewManager.VideoRenderer' was removed because the Java parameter type 'com.azure.android.communication.calling.VideoStreamRendererView' could not be found.
The constructor 'Constructor: com.azure.android.communication.ui.calling.presentation.VideoViewManager.VideoRenderer.VideoViewManager.VideoRenderer' was removed because the Java parameter type 'com.azure.android.communication.calling.VideoStreamRenderer' could not be found.
The method '[Method] com.azure.android.communication.calling.VideoStreamRendererView getRendererView()' was removed because the Java return type 'com.azure.android.communication.calling.VideoStreamRendererView' could not be found.
The method '[Method] com.azure.android.communication.calling.VideoStreamRenderer getVideoStreamRenderer()' was removed because the Java return type 'com.azure.android.communication.calling.VideoStreamRenderer' could not be found.
The method '[Method] void setRendererView(com.azure.android.communication.calling.VideoStreamRendererView <set-?>)' was removed because the Java parameter type 'com.azure.android.communication.calling.VideoStreamRendererView' could not be found.
The method '[Method] void setVideoStreamRenderer(com.azure.android.communication.calling.VideoStreamRenderer <set-?>)' was removed because the Java parameter type 'com.azure.android.communication.calling.VideoStreamRenderer' could not be found.
The method '[Method] void init(kotlinx.coroutines.CoroutineScope coroutineScope)' was removed because the Java parameter type 'kotlinx.coroutines.CoroutineScope' could not be found.
The class '[Class] com.azure.android.communication.ui.calling.presentation.fragment.calling.CallingFragment' was removed because the Java base type 'androidx.fragment.app.Fragment' could not be found.
The method '[Method] void init(kotlinx.coroutines.CoroutineScope coroutineScope)' was removed because the Java parameter type 'kotlinx.coroutines.CoroutineScope' could not be found.
The class '[Class] com.azure.android.communication.ui.calling.presentation.fragment.calling.banner.BannerView' was removed because the Java base type 'androidx.constraintlayout.widget.ConstraintLayout' could not be found.
The method '[Method] kotlinx.coroutines.flow.StateFlow<com.azure.android.communication.ui.calling.presentation.fragment.calling.banner.BannerInfoType> getBannerInfoTypeStateFlow()' was removed because the Java return type 'kotlinx.coroutines.flow.StateFlow<com.azure.android.communication.ui.calling.presentation.fragment.calling.banner.BannerInfoType>' could not be found.
The method '[Method] kotlinx.coroutines.flow.StateFlow<java.lang.Boolean> getIsLobbyOverlayDisplayedFlow()' was removed because the Java return type 'kotlinx.coroutines.flow.StateFlow<java.lang.Boolean>' could not be found.
The method '[Method] kotlinx.coroutines.flow.StateFlow<java.lang.Boolean> getShouldShowBannerStateFlow()' was removed because the Java return type 'kotlinx.coroutines.flow.StateFlow<java.lang.Boolean>' could not be found.
The class '[Class] com.azure.android.communication.ui.calling.presentation.fragment.calling.controlbar.ControlBarView' was removed because the Java base type 'androidx.constraintlayout.widget.ConstraintLayout' could not be found.
The method '[Method] kotlinx.coroutines.flow.StateFlow<com.azure.android.communication.ui.calling.redux.state.AudioDeviceSelectionStatus> getAudioDeviceSelectionStatusStateFlow()' was removed because the Java return type 'kotlinx.coroutines.flow.StateFlow<com.azure.android.communication.ui.calling.redux.state.AudioDeviceSelectionStatus>' could not be found.
The method '[Method] kotlinx.coroutines.flow.StateFlow<com.azure.android.communication.ui.calling.redux.state.AudioOperationalStatus> getAudioOperationalStatusStateFlow()' was removed because the Java return type 'kotlinx.coroutines.flow.StateFlow<com.azure.android.communication.ui.calling.redux.state.AudioOperationalStatus>' could not be found.
The method '[Method] kotlinx.coroutines.flow.StateFlow<com.azure.android.communication.ui.calling.presentation.fragment.calling.controlbar.ControlBarViewModel.CameraModel> getCameraStateFlow()' was removed because the Java return type 'kotlinx.coroutines.flow.StateFlow<com.azure.android.communication.ui.calling.presentation.fragment.calling.controlbar.ControlBarViewModel.CameraModel>' could not be found.
The method '[Method] kotlinx.coroutines.flow.StateFlow<java.lang.Boolean> getOnHoldCallStatusStateFlowStateFlow()' was removed because the Java return type 'kotlinx.coroutines.flow.StateFlow<java.lang.Boolean>' could not be found.
The method '[Method] kotlinx.coroutines.flow.StateFlow<java.lang.Boolean> getShouldEnableMicButtonStateFlow()' was removed because the Java return type 'kotlinx.coroutines.flow.StateFlow<java.lang.Boolean>' could not be found.
The method '[Method] com.azure.android.communication.ui.calling.presentation.fragment.calling.controlbar.ControlBarViewModel.CameraModel copy$default(com.azure.android.communication.ui.calling.presentation.fragment.calling.controlbar.ControlBarViewModel.CameraModel p0, com.azure.android.communication.ui.calling.redux.state.PermissionStatus p1, com.azure.android.communication.ui.calling.redux.state.CameraState p2, int p3, java.lang.Object p4)' was removed because its name contains a dollar sign.
The method '[Method] void access$cancelLeaveConfirm(com.azure.android.communication.ui.calling.presentation.fragment.calling.hangup.LeaveConfirmView $this)' was removed because its name contains a dollar sign.
The method '[Method] com.azure.android.communication.ui.calling.presentation.fragment.calling.hangup.LeaveConfirmViewModel access$getViewModel$p(com.azure.android.communication.ui.calling.presentation.fragment.calling.hangup.LeaveConfirmView $this)' was removed because its name contains a dollar sign.
The method '[Method] void access$showLeaveCallConfirm(com.azure.android.communication.ui.calling.presentation.fragment.calling.hangup.LeaveConfirmView $this)' was removed because its name contains a dollar sign.
The class '[Class] com.azure.android.communication.ui.calling.presentation.fragment.calling.hangup.LeaveConfirmView.AccessibilityManipulatingLinearLayoutManager' was removed because the Java base type 'androidx.recyclerview.widget.LinearLayoutManager' could not be found.
The method '[Method] kotlinx.coroutines.flow.StateFlow<java.lang.Boolean> getShouldDisplayLeaveConfirmFlow()' was removed because the Java return type 'kotlinx.coroutines.flow.StateFlow<java.lang.Boolean>' could not be found.
The method '[Method] kotlinx.coroutines.flow.StateFlow<java.lang.Boolean> getShouldDisplayLeaveConfirmStateFlow()' was removed because the Java return type 'kotlinx.coroutines.flow.StateFlow<java.lang.Boolean>' could not be found.
The method '[Method] void setShouldDisplayLeaveConfirmStateFlow(kotlinx.coroutines.flow.StateFlow<java.lang.Boolean> <set-?>)' was removed because the Java parameter type 'kotlinx.coroutines.flow.StateFlow' could not be found.
The class '[Class] com.azure.android.communication.ui.calling.presentation.fragment.calling.header.InfoHeaderView' was removed because the Java base type 'androidx.constraintlayout.widget.ConstraintLayout' could not be found.
The method '[Method] kotlinx.coroutines.flow.MutableStateFlow access$getDisplayFloatingHeaderFlow$p(com.azure.android.communication.ui.calling.presentation.fragment.calling.header.InfoHeaderViewModel $this)' was removed because its name contains a dollar sign.
The method '[Method] kotlinx.coroutines.flow.StateFlow<java.lang.Boolean> getDisplayFloatingHeaderFlow()' was removed because the Java return type 'kotlinx.coroutines.flow.StateFlow<java.lang.Boolean>' could not be found.
The method '[Method] kotlinx.coroutines.flow.StateFlow<java.lang.Boolean> getIsLobbyOverlayDisplayedFlow()' was removed because the Java return type 'kotlinx.coroutines.flow.StateFlow<java.lang.Boolean>' could not be found.
The method '[Method] kotlinx.coroutines.flow.StateFlow<java.lang.Integer> getNumberOfParticipantsFlow()' was removed because the Java return type 'kotlinx.coroutines.flow.StateFlow<java.lang.Integer>' could not be found.
The method '[Method] void access$displaySnackBar(com.azure.android.communication.ui.calling.presentation.fragment.calling.hold.OnHoldOverlayView $this)' was removed because its name contains a dollar sign.
The method '[Method] com.microsoft.fluentui.snackbar.Snackbar access$getSnackBar$p(com.azure.android.communication.ui.calling.presentation.fragment.calling.hold.OnHoldOverlayView $this)' was removed because its name contains a dollar sign.
The method '[Method] kotlinx.coroutines.flow.StateFlow<java.lang.Boolean> getDisplayHoldOverlayFlow()' was removed because the Java return type 'kotlinx.coroutines.flow.StateFlow<java.lang.Boolean>' could not be found.
The method '[Method] kotlinx.coroutines.flow.StateFlow<java.lang.Boolean> getDisplayMicUsedToastStateFlow()' was removed because the Java return type 'kotlinx.coroutines.flow.StateFlow<java.lang.Boolean>' could not be found.
The method '[Method] kotlinx.coroutines.flow.StateFlow<java.lang.Boolean> getDisplayLobbyOverlayFlow()' was removed because the Java return type 'kotlinx.coroutines.flow.StateFlow<java.lang.Boolean>' could not be found.
The class '[Class] com.azure.android.communication.ui.calling.presentation.fragment.calling.localuser.LocalParticipantView' was removed because the Java base type 'androidx.constraintlayout.widget.ConstraintLayout' could not be found.
The method '[Method] kotlinx.coroutines.flow.StateFlow<com.azure.android.communication.ui.calling.redux.state.CameraDeviceSelectionStatus> getCameraDeviceSelectionFlow()' was removed because the Java return type 'kotlinx.coroutines.flow.StateFlow<com.azure.android.communication.ui.calling.redux.state.CameraDeviceSelectionStatus>' could not be found.
The method '[Method] kotlinx.coroutines.flow.StateFlow<java.lang.Boolean> getDisplayFullScreenAvatarFlow()' was removed because the Java return type 'kotlinx.coroutines.flow.StateFlow<java.lang.Boolean>' could not be found.
The method '[Method] kotlinx.coroutines.flow.StateFlow<java.lang.String> getDisplayNameStateFlow()' was removed because the Java return type 'kotlinx.coroutines.flow.StateFlow<java.lang.String>' could not be found.
The method '[Method] kotlinx.coroutines.flow.StateFlow<java.lang.Boolean> getDisplayPipSwitchCameraButtonFlow()' was removed because the Java return type 'kotlinx.coroutines.flow.StateFlow<java.lang.Boolean>' could not be found.
The method '[Method] kotlinx.coroutines.flow.StateFlow<java.lang.Boolean> getDisplaySwitchCameraButtonFlow()' was removed because the Java return type 'kotlinx.coroutines.flow.StateFlow<java.lang.Boolean>' could not be found.
The method '[Method] kotlinx.coroutines.flow.StateFlow<java.lang.Boolean> getEnableCameraSwitchFlow()' was removed because the Java return type 'kotlinx.coroutines.flow.StateFlow<java.lang.Boolean>' could not be found.
The method '[Method] kotlinx.coroutines.flow.StateFlow<java.lang.Boolean> getIsLobbyOverlayDisplayedFlow()' was removed because the Java return type 'kotlinx.coroutines.flow.StateFlow<java.lang.Boolean>' could not be found.
The method '[Method] kotlinx.coroutines.flow.StateFlow<java.lang.Boolean> getLocalUserMutedStateFlow()' was removed because the Java return type 'kotlinx.coroutines.flow.StateFlow<java.lang.Boolean>' could not be found.
The method '[Method] kotlinx.coroutines.flow.StateFlow<java.lang.Integer> getNumberOfRemoteParticipantsFlow()' was removed because the Java return type 'kotlinx.coroutines.flow.StateFlow<java.lang.Integer>' could not be found.
The method '[Method] kotlinx.coroutines.flow.StateFlow<com.azure.android.communication.ui.calling.presentation.fragment.calling.localuser.LocalParticipantViewModel.VideoModel> getVideoStatusFlow()' was removed because the Java return type 'kotlinx.coroutines.flow.StateFlow<com.azure.android.communication.ui.calling.presentation.fragment.calling.localuser.LocalParticipantViewModel.VideoModel>' could not be found.
The method '[Method] com.azure.android.communication.ui.calling.presentation.fragment.calling.localuser.LocalParticipantViewModel.VideoModel copy$default(com.azure.android.communication.ui.calling.presentation.fragment.calling.localuser.LocalParticipantViewModel.VideoModel p0, boolean p1, java.lang.String p2, com.azure.android.communication.ui.calling.presentation.fragment.calling.localuser.LocalParticipantViewMode p3, int p4, java.lang.Object p5)' was removed because its name contains a dollar sign.
The constructor 'Constructor: com.azure.android.communication.ui.calling.presentation.fragment.calling.participant.grid.ParticipantGridCellView.ParticipantGridCellView' was removed because the Java parameter type 'androidx.lifecycle.LifecycleCoroutineScope' could not be found.
The constructor 'Constructor: com.azure.android.communication.ui.calling.presentation.fragment.calling.participant.grid.ParticipantGridCellView.ParticipantGridCellView' was removed because the Java parameter type 'kotlin.jvm.functions.Function0' could not be found.
The method '[Method] kotlinx.coroutines.flow.StateFlow<java.lang.String> getDisplayNameStateFlow()' was removed because the Java return type 'kotlinx.coroutines.flow.StateFlow<java.lang.String>' could not be found.
The method '[Method] kotlinx.coroutines.flow.StateFlow<java.lang.Boolean> getIsMutedStateFlow()' was removed because the Java return type 'kotlinx.coroutines.flow.StateFlow<java.lang.Boolean>' could not be found.
The method '[Method] kotlinx.coroutines.flow.StateFlow<java.lang.Boolean> getIsNameIndicatorVisibleStateFlow()' was removed because the Java return type 'kotlinx.coroutines.flow.StateFlow<java.lang.Boolean>' could not be found.
The method '[Method] kotlinx.coroutines.flow.StateFlow<java.lang.Boolean> getIsOnHoldStateFlow()' was removed because the Java return type 'kotlinx.coroutines.flow.StateFlow<java.lang.Boolean>' could not be found.
The method '[Method] kotlinx.coroutines.flow.StateFlow<java.lang.Boolean> getIsSpeakingStateFlow()' was removed because the Java return type 'kotlinx.coroutines.flow.StateFlow<java.lang.Boolean>' could not be found.
The method '[Method] kotlinx.coroutines.flow.StateFlow<com.azure.android.communication.ui.calling.presentation.fragment.calling.participant.grid.VideoViewModel> getVideoViewModelStateFlow()' was removed because the Java return type 'kotlinx.coroutines.flow.StateFlow<com.azure.android.communication.ui.calling.presentation.fragment.calling.participant.grid.VideoViewModel>' could not be found.
The method '[Method] java.util.List access$getDisplayedRemoteParticipantsView$p(com.azure.android.communication.ui.calling.presentation.fragment.calling.participant.grid.ParticipantGridView $this)' was removed because its name contains a dollar sign.
The method '[Method] com.azure.android.communication.ui.calling.presentation.fragment.calling.participant.grid.ParticipantGridView access$getGridView$p(com.azure.android.communication.ui.calling.presentation.fragment.calling.participant.grid.ParticipantGridView $this)' was removed because its name contains a dollar sign.
The method '[Method] com.azure.android.communication.ui.calling.presentation.VideoViewManager access$getVideoViewManager$p(com.azure.android.communication.ui.calling.presentation.fragment.calling.participant.grid.ParticipantGridView $this)' was removed because its name contains a dollar sign.
The method '[Method] void access$updateGrid(com.azure.android.communication.ui.calling.presentation.fragment.calling.participant.grid.ParticipantGridView $this, java.util.List displayedRemoteParticipantsViewModel)' was removed because its name contains a dollar sign.
The method '[Method] kotlinx.coroutines.flow.StateFlow<java.lang.Boolean> getIsLobbyOverlayDisplayedFlow()' was removed because the Java return type 'kotlinx.coroutines.flow.StateFlow<java.lang.Boolean>' could not be found.
The method '[Method] kotlinx.coroutines.flow.StateFlow<java.util.List<com.azure.android.communication.ui.calling.presentation.fragment.calling.participant.grid.ParticipantGridCellViewModel>> getRemoteParticipantsUpdateStateFlow()' was removed because the Java return type 'kotlinx.coroutines.flow.StateFlow<java.util.List<com.azure.android.communication.ui.calling.presentation.fragment.calling.participant.grid.ParticipantGridCellViewModel>>' could not be found.
The method '[Method] com.azure.android.communication.ui.calling.presentation.fragment.calling.participant.grid.VideoViewModel copy$default(com.azure.android.communication.ui.calling.presentation.fragment.calling.participant.grid.VideoViewModel p0, java.lang.String p1, com.azure.android.communication.ui.calling.models.StreamType p2, int p3, java.lang.Object p4)' was removed because its name contains a dollar sign.
The constructor 'Constructor: com.azure.android.communication.ui.calling.presentation.fragment.calling.participant.grid.cell.ParticipantGridCellAvatarView.ParticipantGridCellAvatarView' was removed because the Java parameter type 'com.microsoft.fluentui.persona.AvatarView' could not be found.
The constructor 'Constructor: com.azure.android.communication.ui.calling.presentation.fragment.calling.participant.grid.cell.ParticipantGridCellAvatarView.ParticipantGridCellAvatarView' was removed because the Java parameter type 'androidx.constraintlayout.widget.ConstraintLayout' could not be found.
The constructor 'Constructor: com.azure.android.communication.ui.calling.presentation.fragment.calling.participant.grid.cell.ParticipantGridCellAvatarView.ParticipantGridCellAvatarView' was removed because the Java parameter type 'androidx.lifecycle.LifecycleCoroutineScope' could not be found.
The method '[Method] android.content.Context access$getContext$p(com.azure.android.communication.ui.calling.presentation.fragment.calling.participant.grid.cell.ParticipantGridCellAvatarView $this)' was removed because its name contains a dollar sign.
The method '[Method] android.widget.TextView access$getDisplayNameAudioTextView$p(com.azure.android.communication.ui.calling.presentation.fragment.calling.participant.grid.cell.ParticipantGridCellAvatarView $this)' was removed because its name contains a dollar sign.
The method '[Method] android.widget.ImageView access$getMicIndicatorAudioImageView$p(com.azure.android.communication.ui.calling.presentation.fragment.calling.participant.grid.cell.ParticipantGridCellAvatarView $this)' was removed because its name contains a dollar sign.
The method '[Method] android.widget.TextView access$getOnHoldTextView$p(com.azure.android.communication.ui.calling.presentation.fragment.calling.participant.grid.cell.ParticipantGridCellAvatarView $this)' was removed because its name contains a dollar sign.
The method '[Method] androidx.constraintlayout.widget.ConstraintLayout access$getParticipantContainer$p(com.azure.android.communication.ui.calling.presentation.fragment.calling.participant.grid.cell.ParticipantGridCellAvatarView $this)' was removed because its name contains a dollar sign.
The method '[Method] com.azure.android.communication.ui.calling.presentation.fragment.calling.participant.grid.ParticipantGridCellViewModel access$getParticipantViewModel$p(com.azure.android.communication.ui.calling.presentation.fragment.calling.participant.grid.cell.ParticipantGridCellAvatarView $this)' was removed because its name contains a dollar sign.
The method '[Method] void access$setDisplayName(com.azure.android.communication.ui.calling.presentation.fragment.calling.participant.grid.cell.ParticipantGridCellAvatarView $this, java.lang.String displayName)' was removed because its name contains a dollar sign.
The method '[Method] void access$setMicButtonVisibility(com.azure.android.communication.ui.calling.presentation.fragment.calling.participant.grid.cell.ParticipantGridCellAvatarView $this, boolean isMicButtonVisible)' was removed because its name contains a dollar sign.
The method '[Method] void access$setSpeakingIndicator(com.azure.android.communication.ui.calling.presentation.fragment.calling.participant.grid.cell.ParticipantGridCellAvatarView $this, boolean isSpeaking)' was removed because its name contains a dollar sign.
The class '[Class] com.azure.android.communication.ui.calling.presentation.fragment.calling.participant.grid.cell.ParticipantGridCellAvatarView.1' was removed because the Java base type 'kotlin.coroutines.jvm.internal.SuspendLambda' could not be found.
The constructor 'Constructor: com.azure.android.communication.ui.calling.presentation.fragment.calling.participant.grid.cell.ParticipantGridCellVideoView.ParticipantGridCellVideoView' was removed because the Java parameter type 'androidx.lifecycle.LifecycleCoroutineScope' could not be found.
The constructor 'Constructor: com.azure.android.communication.ui.calling.presentation.fragment.calling.participant.grid.cell.ParticipantGridCellVideoView.ParticipantGridCellVideoView' was removed because the Java parameter type 'androidx.constraintlayout.widget.ConstraintLayout' could not be found.
The constructor 'Constructor: com.azure.android.communication.ui.calling.presentation.fragment.calling.participant.grid.cell.ParticipantGridCellVideoView.ParticipantGridCellVideoView' was removed because the Java parameter type 'kotlin.jvm.functions.Function0' could not be found.
The method '[Method] com.azure.android.communication.ui.calling.presentation.fragment.calling.participant.grid.ParticipantGridCellViewModel access$getParticipantViewModel$p(com.azure.android.communication.ui.calling.presentation.fragment.calling.participant.grid.cell.ParticipantGridCellVideoView $this)' was removed because its name contains a dollar sign.
The method '[Method] androidx.constraintlayout.widget.ConstraintLayout access$getVideoContainer$p(com.azure.android.communication.ui.calling.presentation.fragment.calling.participant.grid.cell.ParticipantGridCellVideoView $this)' was removed because its name contains a dollar sign.
The method '[Method] void access$setDisplayName(com.azure.android.communication.ui.calling.presentation.fragment.calling.participant.grid.cell.ParticipantGridCellVideoView $this, java.lang.String displayName)' was removed because its name contains a dollar sign.
The method '[Method] void access$setMicButtonVisibility(com.azure.android.communication.ui.calling.presentation.fragment.calling.participant.grid.cell.ParticipantGridCellVideoView $this, boolean isMicButtonVisible)' was removed because its name contains a dollar sign.
The method '[Method] void access$setNameAndMicIndicatorViewVisibility(com.azure.android.communication.ui.calling.presentation.fragment.calling.participant.grid.cell.ParticipantGridCellVideoView $this, boolean isNameIndicatorVisible)' was removed because its name contains a dollar sign.
The method '[Method] void access$setSpeakingIndicator(com.azure.android.communication.ui.calling.presentation.fragment.calling.participant.grid.cell.ParticipantGridCellVideoView $this, boolean isSpeaking)' was removed because its name contains a dollar sign.
The method '[Method] void access$updateVideoStream(com.azure.android.communication.ui.calling.presentation.fragment.calling.participant.grid.cell.ParticipantGridCellVideoView $this, com.azure.android.communication.ui.calling.presentation.fragment.calling.participant.grid.VideoViewModel videoViewModel)' was removed because its name contains a dollar sign.
The class '[Class] com.azure.android.communication.ui.calling.presentation.fragment.calling.participant.grid.cell.ParticipantGridCellVideoView.1' was removed because the Java base type 'kotlin.coroutines.jvm.internal.SuspendLambda' could not be found.
The constructor 'Constructor: com.azure.android.communication.ui.calling.presentation.fragment.calling.participant.grid.screenshare.ScreenShareViewManager.ScreenShareViewManager' was removed because the Java parameter type 'androidx.constraintlayout.widget.ConstraintLayout' could not be found.
The constructor 'Constructor: com.azure.android.communication.ui.calling.presentation.fragment.calling.participant.grid.screenshare.ScreenShareViewManager.ScreenShareViewManager' was removed because the Java parameter type 'kotlin.jvm.functions.Function0' could not be found.
The method '[Method] com.azure.android.communication.ui.calling.presentation.fragment.calling.participant.grid.screenshare.ScreenShareZoomFrameLayout access$getScreenShareZoomFrameLayout$p(com.azure.android.communication.ui.calling.presentation.fragment.calling.participant.grid.screenshare.ScreenShareViewManager $this)' was removed because its name contains a dollar sign.
The method '[Method] void access$setScreenShareLayoutSize(com.azure.android.communication.ui.calling.presentation.fragment.calling.participant.grid.screenshare.ScreenShareViewManager $this)' was removed because its name contains a dollar sign.
The method '[Method] com.azure.android.communication.ui.calling.presentation.fragment.calling.participant.grid.screenshare.GestureListener access$getGestureListener$p(com.azure.android.communication.ui.calling.presentation.fragment.calling.participant.grid.screenshare.ScreenShareZoomFrameLayout $this)' was removed because its name contains a dollar sign.
The method '[Method] com.azure.android.communication.ui.calling.presentation.fragment.calling.participantlist.ParticipantListCellModel copy$default(com.azure.android.communication.ui.calling.presentation.fragment.calling.participantlist.ParticipantListCellModel p0, java.lang.String p1, boolean p2, java.lang.String p3, boolean p4, int p5, java.lang.Object p6)' was removed because its name contains a dollar sign.
The method '[Method] android.view.accessibility.AccessibilityManager access$getAccessibilityManager$p(com.azure.android.communication.ui.calling.presentation.fragment.calling.participantlist.ParticipantListView $this)' was removed because its name contains a dollar sign.
The method '[Method] com.azure.android.communication.ui.calling.presentation.manager.AvatarViewManager access$getAvatarViewManager$p(com.azure.android.communication.ui.calling.presentation.fragment.calling.participantlist.ParticipantListView $this)' was removed because its name contains a dollar sign.
The method '[Method] com.microsoft.fluentui.drawer.DrawerDialog access$getParticipantListDrawer$p(com.azure.android.communication.ui.calling.presentation.fragment.calling.participantlist.ParticipantListView $this)' was removed because its name contains a dollar sign.
The method '[Method] com.azure.android.communication.ui.calling.presentation.fragment.calling.participantlist.ParticipantListViewModel access$getViewModel$p(com.azure.android.communication.ui.calling.presentation.fragment.calling.participantlist.ParticipantListView $this)' was removed because its name contains a dollar sign.
The method '[Method] void access$showParticipantList(com.azure.android.communication.ui.calling.presentation.fragment.calling.participantlist.ParticipantListView $this)' was removed because its name contains a dollar sign.
The method '[Method] void access$updateLocalParticipantCellContent(com.azure.android.communication.ui.calling.presentation.fragment.calling.participantlist.ParticipantListView $this)' was removed because its name contains a dollar sign.
The method '[Method] void access$updateRemoteParticipantListContent(com.azure.android.communication.ui.calling.presentation.fragment.calling.participantlist.ParticipantListView $this, java.util.List participantListCellModelList)' was removed because its name contains a dollar sign.
The method '[Method] kotlinx.coroutines.flow.StateFlow<java.lang.Boolean> getDisplayParticipantListStateFlow()' was removed because the Java return type 'kotlinx.coroutines.flow.StateFlow<java.lang.Boolean>' could not be found.
The method '[Method] kotlinx.coroutines.flow.StateFlow<com.azure.android.communication.ui.calling.presentation.fragment.calling.participantlist.ParticipantListCellModel> getLocalParticipantListCellStateFlow()' was removed because the Java return type 'kotlinx.coroutines.flow.StateFlow<com.azure.android.communication.ui.calling.presentation.fragment.calling.participantlist.ParticipantListCellModel>' could not be found.
The method '[Method] kotlinx.coroutines.flow.StateFlow<java.util.List<com.azure.android.communication.ui.calling.presentation.fragment.calling.participantlist.ParticipantListCellModel>> getRemoteParticipantListCellStateFlow()' was removed because the Java return type 'kotlinx.coroutines.flow.StateFlow<java.util.List<com.azure.android.communication.ui.calling.presentation.fragment.calling.participantlist.ParticipantListCellModel>>' could not be found.
The method '[Method] com.microsoft.fluentui.drawer.DrawerDialog access$getAudioDeviceDrawer$p(com.azure.android.communication.ui.calling.presentation.fragment.common.audiodevicelist.AudioDeviceListView $this)' was removed because its name contains a dollar sign.
The method '[Method] com.azure.android.communication.ui.calling.utilities.BottomCellAdapter access$getBottomCellAdapter$p(com.azure.android.communication.ui.calling.presentation.fragment.common.audiodevicelist.AudioDeviceListView $this)' was removed because its name contains a dollar sign.
The method '[Method] java.util.List access$getBottomCellItems(com.azure.android.communication.ui.calling.presentation.fragment.common.audiodevicelist.AudioDeviceListView $this)' was removed because its name contains a dollar sign.
The method '[Method] androidx.recyclerview.widget.RecyclerView access$getDeviceTable$p(com.azure.android.communication.ui.calling.presentation.fragment.common.audiodevicelist.AudioDeviceListView $this)' was removed because its name contains a dollar sign.
The method '[Method] com.azure.android.communication.ui.calling.presentation.fragment.common.audiodevicelist.AudioDeviceListViewModel access$getViewModel$p(com.azure.android.communication.ui.calling.presentation.fragment.common.audiodevicelist.AudioDeviceListView $this)' was removed because its name contains a dollar sign.
The method '[Method] void access$setBottomCellAdapter$p(com.azure.android.communication.ui.calling.presentation.fragment.common.audiodevicelist.AudioDeviceListView $this, com.azure.android.communication.ui.calling.utilities.BottomCellAdapter <set-?>)' was removed because its name contains a dollar sign.
The method '[Method] void access$showAudioDeviceSelectionMenu(com.azure.android.communication.ui.calling.presentation.fragment.common.audiodevicelist.AudioDeviceListView $this)' was removed because its name contains a dollar sign.
The method '[Method] void access$updateSelectedAudioDevice(com.azure.android.communication.ui.calling.presentation.fragment.common.audiodevicelist.AudioDeviceListView $this, com.azure.android.communication.ui.calling.redux.state.AudioState audioState)' was removed because its name contains a dollar sign.
The field 'Java.Interop.Tools.JavaTypeSystem.Models.JavaFieldModel' was removed because its name contains a dollar sign.
The method '[Method] kotlinx.coroutines.flow.StateFlow<com.azure.android.communication.ui.calling.redux.state.AudioState> getAudioStateFlow()' was removed because the Java return type 'kotlinx.coroutines.flow.StateFlow<com.azure.android.communication.ui.calling.redux.state.AudioState>' could not be found.
The method '[Method] kotlinx.coroutines.flow.StateFlow<java.lang.Boolean> getDisplayAudioDeviceSelectionMenuStateFlow()' was removed because the Java return type 'kotlinx.coroutines.flow.StateFlow<java.lang.Boolean>' could not be found.
The method '[Method] int access$getMaxRemoteParticipants$p(com.azure.android.communication.ui.calling.presentation.fragment.factories.CallingViewModelFactory $this)' was removed because its name contains a dollar sign.
The method '[Method] com.azure.android.communication.ui.calling.presentation.fragment.factories.ParticipantGridCellViewModelFactory access$getParticipantGridCellViewModelFactory$p(com.azure.android.communication.ui.calling.presentation.fragment.factories.CallingViewModelFactory $this)' was removed because its name contains a dollar sign.
The method '[Method] com.azure.android.communication.ui.calling.redux.Store access$getStore$p(com.azure.android.communication.ui.calling.presentation.fragment.factories.CallingViewModelFactory $this)' was removed because its name contains a dollar sign.
The method '[Method] com.azure.android.communication.ui.calling.redux.Store access$getStore$p(com.azure.android.communication.ui.calling.presentation.fragment.factories.SetupViewModelFactory $this)' was removed because its name contains a dollar sign.
The class '[Class] com.azure.android.communication.ui.calling.presentation.fragment.setup.SetupFragment' was removed because the Java base type 'androidx.fragment.app.Fragment' could not be found.
The method '[Method] void init(kotlinx.coroutines.CoroutineScope coroutineScope)' was removed because the Java parameter type 'kotlinx.coroutines.CoroutineScope' could not be found.
The method '[Method] void access$displaySnackBar(com.azure.android.communication.ui.calling.presentation.fragment.setup.components.ErrorInfoView $this, com.azure.android.communication.ui.calling.error.CallStateError it)' was removed because its name contains a dollar sign.
The method '[Method] com.microsoft.fluentui.snackbar.Snackbar access$getSnackBar$p(com.azure.android.communication.ui.calling.presentation.fragment.setup.components.ErrorInfoView $this)' was removed because its name contains a dollar sign.
The method '[Method] kotlinx.coroutines.flow.StateFlow<com.azure.android.communication.ui.calling.error.CallStateError> getCallStateErrorStateFlow()' was removed because the Java return type 'kotlinx.coroutines.flow.StateFlow<com.azure.android.communication.ui.calling.error.CallStateError>' could not be found.
The class '[Class] com.azure.android.communication.ui.calling.presentation.fragment.setup.components.JoinCallButtonHolderView' was removed because the Java base type 'androidx.constraintlayout.widget.ConstraintLayout' could not be found.
The method '[Method] kotlinx.coroutines.flow.StateFlow<java.lang.Boolean> getDisableJoinCallButtonFlow()' was removed because the Java return type 'kotlinx.coroutines.flow.StateFlow<java.lang.Boolean>' could not be found.
The method '[Method] kotlinx.coroutines.flow.StateFlow<java.lang.Boolean> getJoinCallButtonEnabledFlow()' was removed because the Java return type 'kotlinx.coroutines.flow.StateFlow<java.lang.Boolean>' could not be found.
The method '[Method] void access$onCameraPermissionStateUpdated(com.azure.android.communication.ui.calling.presentation.fragment.setup.components.PermissionWarningView $this, com.azure.android.communication.ui.calling.redux.state.PermissionStatus permissionState)' was removed because its name contains a dollar sign.
The method '[Method] void access$onMicPermissionStateUpdated(com.azure.android.communication.ui.calling.presentation.fragment.setup.components.PermissionWarningView $this, com.azure.android.communication.ui.calling.redux.state.PermissionStatus permissionState)' was removed because its name contains a dollar sign.
The method '[Method] kotlinx.coroutines.flow.StateFlow<com.azure.android.communication.ui.calling.redux.state.PermissionStatus> getAudioPermissionStateFlow()' was removed because the Java return type 'kotlinx.coroutines.flow.StateFlow<com.azure.android.communication.ui.calling.redux.state.PermissionStatus>' could not be found.
The method '[Method] kotlinx.coroutines.flow.StateFlow<com.azure.android.communication.ui.calling.redux.state.PermissionStatus> getCameraPermissionStateFlow()' was removed because the Java return type 'kotlinx.coroutines.flow.StateFlow<com.azure.android.communication.ui.calling.redux.state.PermissionStatus>' could not be found.
The class '[Class] com.azure.android.communication.ui.calling.presentation.fragment.setup.components.PreviewAreaView' was removed because the Java base type 'androidx.constraintlayout.widget.ConstraintLayout' could not be found.
The method '[Method] kotlinx.coroutines.flow.StateFlow<java.lang.String> getVideoStreamIDStateFlow()' was removed because the Java return type 'kotlinx.coroutines.flow.StateFlow<java.lang.String>' could not be found.
The class '[Class] com.azure.android.communication.ui.calling.presentation.fragment.setup.components.SetupButton' was removed because the Java base type 'androidx.appcompat.widget.AppCompatButton' could not be found.
The method '[Method] com.azure.android.communication.ui.calling.presentation.fragment.setup.components.AudioDeviceSetupButton access$getAudioDeviceButton$p(com.azure.android.communication.ui.calling.presentation.fragment.setup.components.SetupControlBarView $this)' was removed because its name contains a dollar sign.
The method '[Method] com.azure.android.communication.ui.calling.presentation.fragment.setup.components.SetupButton access$getCameraButton$p(com.azure.android.communication.ui.calling.presentation.fragment.setup.components.SetupControlBarView $this)' was removed because its name contains a dollar sign.
The method '[Method] com.azure.android.communication.ui.calling.presentation.fragment.setup.components.SetupButton access$getMicButton$p(com.azure.android.communication.ui.calling.presentation.fragment.setup.components.SetupControlBarView $this)' was removed because its name contains a dollar sign.
The method '[Method] com.azure.android.communication.ui.calling.presentation.fragment.setup.components.SetupControlBarViewModel access$getViewModel$p(com.azure.android.communication.ui.calling.presentation.fragment.setup.components.SetupControlBarView $this)' was removed because its name contains a dollar sign.
The method '[Method] void access$setAudioDeviceButtonState(com.azure.android.communication.ui.calling.presentation.fragment.setup.components.SetupControlBarView $this, com.azure.android.communication.ui.calling.redux.state.AudioState audioState)' was removed because its name contains a dollar sign.
The method '[Method] void access$setButtonColorOnCameraState(com.azure.android.communication.ui.calling.presentation.fragment.setup.components.SetupControlBarView $this, com.azure.android.communication.ui.calling.redux.state.CameraOperationalStatus cameraOperationalStatus)' was removed because its name contains a dollar sign.
The method '[Method] void access$setCameraButtonState(com.azure.android.communication.ui.calling.presentation.fragment.setup.components.SetupControlBarView $this, com.azure.android.communication.ui.calling.redux.state.CameraOperationalStatus operation)' was removed because its name contains a dollar sign.
The method '[Method] void access$setMicButtonState(com.azure.android.communication.ui.calling.presentation.fragment.setup.components.SetupControlBarView $this, com.azure.android.communication.ui.calling.redux.state.AudioOperationalStatus audioOperationalStatus)' was removed because its name contains a dollar sign.
The field 'Java.Interop.Tools.JavaTypeSystem.Models.JavaFieldModel' was removed because its name contains a dollar sign.
The field 'Java.Interop.Tools.JavaTypeSystem.Models.JavaFieldModel' was removed because its name contains a dollar sign.
The field 'Java.Interop.Tools.JavaTypeSystem.Models.JavaFieldModel' was removed because its name contains a dollar sign.
The method '[Method] kotlinx.coroutines.flow.StateFlow<com.azure.android.communication.ui.calling.redux.state.AudioState> getAudioDeviceSelectionStatusStateFlow()' was removed because the Java return type 'kotlinx.coroutines.flow.StateFlow<com.azure.android.communication.ui.calling.redux.state.AudioState>' could not be found.
The method '[Method] kotlinx.coroutines.flow.StateFlow<com.azure.android.communication.ui.calling.redux.state.AudioOperationalStatus> getAudioOperationalStatusStateFlow()' was removed because the Java return type 'kotlinx.coroutines.flow.StateFlow<com.azure.android.communication.ui.calling.redux.state.AudioOperationalStatus>' could not be found.
The method '[Method] kotlinx.coroutines.flow.StateFlow<java.lang.Boolean> getCameraIsEnabled()' was removed because the Java return type 'kotlinx.coroutines.flow.StateFlow<java.lang.Boolean>' could not be found.
The method '[Method] kotlinx.coroutines.flow.StateFlow<com.azure.android.communication.ui.calling.redux.state.CameraOperationalStatus> getCameraState()' was removed because the Java return type 'kotlinx.coroutines.flow.StateFlow<com.azure.android.communication.ui.calling.redux.state.CameraOperationalStatus>' could not be found.
The method '[Method] kotlinx.coroutines.flow.StateFlow<java.lang.Boolean> getDeviceIsEnabled()' was removed because the Java return type 'kotlinx.coroutines.flow.StateFlow<java.lang.Boolean>' could not be found.
The method '[Method] kotlinx.coroutines.flow.StateFlow<java.lang.Boolean> getIsVisibleState()' was removed because the Java return type 'kotlinx.coroutines.flow.StateFlow<java.lang.Boolean>' could not be found.
The method '[Method] kotlinx.coroutines.flow.StateFlow<java.lang.Boolean> getMicIsEnabled()' was removed because the Java return type 'kotlinx.coroutines.flow.StateFlow<java.lang.Boolean>' could not be found.
The class '[Class] com.azure.android.communication.ui.calling.presentation.fragment.setup.components.SetupGradientView' was removed because the Java base type 'androidx.appcompat.widget.AppCompatImageView' could not be found.
The method '[Method] kotlinx.coroutines.flow.StateFlow<java.lang.Boolean> getDisplaySetupGradientFlow()' was removed because the Java return type 'kotlinx.coroutines.flow.StateFlow<java.lang.Boolean>' could not be found.
The class '[Class] com.azure.android.communication.ui.calling.presentation.fragment.setup.components.SetupParticipantAvatarView' was removed because the Java base type 'com.microsoft.fluentui.persona.AvatarView' could not be found.
The method '[Method] kotlinx.coroutines.flow.StateFlow<java.lang.Boolean> getShouldDisplayAvatarViewStateFlow()' was removed because the Java return type 'kotlinx.coroutines.flow.StateFlow<java.lang.Boolean>' could not be found.
The method '[Method] void access$announce(com.azure.android.communication.ui.calling.presentation.manager.AccessibilityAnnouncementManager $this, android.app.Activity activity, java.lang.String message)' was removed because its name contains a dollar sign.
The method '[Method] com.azure.android.communication.ui.calling.redux.state.ReduxState access$getLastState$p(com.azure.android.communication.ui.calling.presentation.manager.AccessibilityAnnouncementManager $this)' was removed because its name contains a dollar sign.
The method '[Method] void access$setLastState$p(com.azure.android.communication.ui.calling.presentation.manager.AccessibilityAnnouncementManager $this, com.azure.android.communication.ui.calling.redux.state.ReduxState <set-?>)' was removed because its name contains a dollar sign.
The method '[Method] com.azure.android.communication.ui.calling.presentation.manager.AudioFocusHandler access$getAudioFocusHandler$p(com.azure.android.communication.ui.calling.presentation.manager.AudioFocusManager $this)' was removed because its name contains a dollar sign.
The method '[Method] com.azure.android.communication.ui.calling.redux.state.AudioFocusStatus access$getPreviousAudioFocusStatus$p(com.azure.android.communication.ui.calling.presentation.manager.AudioFocusManager $this)' was removed because its name contains a dollar sign.
The method '[Method] com.azure.android.communication.ui.calling.redux.state.CallingStatus access$getPreviousCallState$p(com.azure.android.communication.ui.calling.presentation.manager.AudioFocusManager $this)' was removed because its name contains a dollar sign.
The method '[Method] com.azure.android.communication.ui.calling.redux.Store access$getStore$p(com.azure.android.communication.ui.calling.presentation.manager.AudioFocusManager $this)' was removed because its name contains a dollar sign.
The method '[Method] boolean access$isAudioFocused$p(com.azure.android.communication.ui.calling.presentation.manager.AudioFocusManager $this)' was removed because its name contains a dollar sign.
The method '[Method] void access$setAudioFocused$p(com.azure.android.communication.ui.calling.presentation.manager.AudioFocusManager $this, boolean <set-?>)' was removed because its name contains a dollar sign.
The method '[Method] void access$setPreviousAudioFocusStatus$p(com.azure.android.communication.ui.calling.presentation.manager.AudioFocusManager $this, com.azure.android.communication.ui.calling.redux.state.AudioFocusStatus <set-?>)' was removed because its name contains a dollar sign.
The method '[Method] void access$setPreviousCallState$p(com.azure.android.communication.ui.calling.presentation.manager.AudioFocusManager $this, com.azure.android.communication.ui.calling.redux.state.CallingStatus <set-?>)' was removed because its name contains a dollar sign.
The method '[Method] android.content.Context access$getContext$p(com.azure.android.communication.ui.calling.presentation.manager.AudioSessionManager $this)' was removed because its name contains a dollar sign.
The method '[Method] com.azure.android.communication.ui.calling.redux.state.AudioDeviceSelectionStatus access$getPreviousAudioDeviceSelectionStatus$p(com.azure.android.communication.ui.calling.presentation.manager.AudioSessionManager $this)' was removed because its name contains a dollar sign.
The method '[Method] com.azure.android.communication.ui.calling.redux.state.PermissionStatus access$getPreviousPermissionState$p(com.azure.android.communication.ui.calling.presentation.manager.AudioSessionManager $this)' was removed because its name contains a dollar sign.
The method '[Method] com.azure.android.communication.ui.calling.redux.Store access$getStore$p(com.azure.android.communication.ui.calling.presentation.manager.AudioSessionManager $this)' was removed because its name contains a dollar sign.
The method '[Method] void access$onAudioDeviceStateChange(com.azure.android.communication.ui.calling.presentation.manager.AudioSessionManager $this, com.azure.android.communication.ui.calling.redux.state.AudioDeviceSelectionStatus audioDeviceSelectionStatus)' was removed because its name contains a dollar sign.
The method '[Method] void access$setPreviousAudioDeviceSelectionStatus$p(com.azure.android.communication.ui.calling.presentation.manager.AudioSessionManager $this, com.azure.android.communication.ui.calling.redux.state.AudioDeviceSelectionStatus <set-?>)' was removed because its name contains a dollar sign.
The method '[Method] void access$setPreviousPermissionState$p(com.azure.android.communication.ui.calling.presentation.manager.AudioSessionManager $this, com.azure.android.communication.ui.calling.redux.state.PermissionStatus <set-?>)' was removed because its name contains a dollar sign.
The method '[Method] void access$updateBluetoothStatus(com.azure.android.communication.ui.calling.presentation.manager.AudioSessionManager $this)' was removed because its name contains a dollar sign.
The field 'Java.Interop.Tools.JavaTypeSystem.Models.JavaFieldModel' was removed because its name contains a dollar sign.
The method '[Method] java.util.Map access$getRemoteParticipantsPersonaCache$p(com.azure.android.communication.ui.calling.presentation.manager.AvatarViewManager $this)' was removed because its name contains a dollar sign.
The method '[Method] kotlinx.coroutines.flow.MutableSharedFlow access$getRemoteParticipantsPersonaSharedFlow$p(com.azure.android.communication.ui.calling.presentation.manager.AvatarViewManager $this)' was removed because its name contains a dollar sign.
The method '[Method] kotlinx.coroutines.flow.SharedFlow<java.util.Map<java.lang.String, com.azure.android.communication.ui.calling.models.CallCompositeParticipantViewData>> getRemoteParticipantsPersonaSharedFlow()' was removed because the Java return type 'kotlinx.coroutines.flow.SharedFlow<java.util.Map<java.lang.String, com.azure.android.communication.ui.calling.models.CallCompositeParticipantViewData>>' could not be found.
The field 'Java.Interop.Tools.JavaTypeSystem.Models.JavaFieldModel' was removed because its name contains a dollar sign.
The field 'Java.Interop.Tools.JavaTypeSystem.Models.JavaFieldModel' was removed because its name contains a dollar sign.
The method '[Method] java.lang.String[] access$getPermissionsList(com.azure.android.communication.ui.calling.presentation.manager.PermissionManager $this)' was removed because its name contains a dollar sign.
The method '[Method] com.azure.android.communication.ui.calling.redux.state.PermissionState access$getPreviousPermissionState$p(com.azure.android.communication.ui.calling.presentation.manager.PermissionManager $this)' was removed because its name contains a dollar sign.
The method '[Method] void access$onPermissionStateChange(com.azure.android.communication.ui.calling.presentation.manager.PermissionManager $this, com.azure.android.communication.ui.calling.redux.state.PermissionState permissionState)' was removed because its name contains a dollar sign.
The method '[Method] void access$setPreviousPermissionState$p(com.azure.android.communication.ui.calling.presentation.manager.PermissionManager $this, com.azure.android.communication.ui.calling.redux.state.PermissionState <set-?>)' was removed because its name contains a dollar sign.
The method '[Method] java.lang.Object start(android.app.Activity activity, androidx.activity.result.ActivityResultLauncher<java.lang.String[]> audioPermissionLauncher, androidx.activity.result.ActivityResultLauncher<java.lang.String> cameraPermissionLauncher, kotlin.coroutines.Continuation<? super kotlin.Unit> $completion)' was removed because the Java parameter type 'androidx.activity.result.ActivityResultLauncher' could not be found.
The method '[Method] java.lang.Object start(android.app.Activity activity, androidx.activity.result.ActivityResultLauncher<java.lang.String[]> audioPermissionLauncher, androidx.activity.result.ActivityResultLauncher<java.lang.String> cameraPermissionLauncher, kotlin.coroutines.Continuation<? super kotlin.Unit> $completion)' was removed because the Java parameter type 'androidx.activity.result.ActivityResultLauncher' could not be found.
The field 'Java.Interop.Tools.JavaTypeSystem.Models.JavaFieldModel' was removed because its name contains a dollar sign.
The field 'Java.Interop.Tools.JavaTypeSystem.Models.JavaFieldModel' was removed because its name contains a dollar sign.
The method '[Method] kotlinx.coroutines.flow.StateFlow<com.azure.android.communication.ui.calling.redux.state.NavigationStatus> getNavigationStateFlow()' was removed because the Java return type 'kotlinx.coroutines.flow.StateFlow<com.azure.android.communication.ui.calling.redux.state.NavigationStatus>' could not be found.
The method '[Method] kotlinx.coroutines.flow.MutableStateFlow access$getNavigationFlow$p(com.azure.android.communication.ui.calling.presentation.navigation.NavigationRouterImpl $this)' was removed because its name contains a dollar sign.
The method '[Method] kotlinx.coroutines.flow.StateFlow<com.azure.android.communication.ui.calling.redux.state.NavigationStatus> getNavigationStateFlow()' was removed because the Java return type 'kotlinx.coroutines.flow.StateFlow<com.azure.android.communication.ui.calling.redux.state.NavigationStatus>' could not be found.
The method '[Method] void access$reduce(com.azure.android.communication.ui.calling.redux.AppStore $this, com.azure.android.communication.ui.calling.redux.action.Action action)' was removed because its name contains a dollar sign.
The method '[Method] kotlinx.coroutines.flow.MutableStateFlow<S> getStateFlow()' was removed because the Java return type 'kotlinx.coroutines.flow.MutableStateFlow<S>' could not be found.
The method '[Method] kotlinx.coroutines.flow.MutableStateFlow<S> getStateFlow()' was removed because the Java return type 'kotlinx.coroutines.flow.MutableStateFlow<S>' could not be found.
The method '[Method] com.azure.android.communication.ui.calling.redux.middleware.handler.CallingMiddlewareActionHandler access$getCallingMiddlewareActionHandler$p(com.azure.android.communication.ui.calling.redux.middleware.CallingMiddlewareImpl $this)' was removed because its name contains a dollar sign.
The method '[Method] com.azure.android.communication.ui.calling.logger.Logger access$getLogger$p(com.azure.android.communication.ui.calling.redux.middleware.CallingMiddlewareImpl $this)' was removed because its name contains a dollar sign.
The method '[Method] com.azure.android.communication.ui.calling.service.CallingService access$getCallingService$p(com.azure.android.communication.ui.calling.redux.middleware.handler.CallingMiddlewareActionHandlerImpl $this)' was removed because its name contains a dollar sign.
The field 'Java.Interop.Tools.JavaTypeSystem.Models.JavaFieldModel' was removed because its name contains a dollar sign.
The method '[Method] com.azure.android.communication.ui.calling.redux.state.AudioSessionState copy$default(com.azure.android.communication.ui.calling.redux.state.AudioSessionState p0, com.azure.android.communication.ui.calling.redux.state.AudioFocusStatus p1, int p2, java.lang.Object p3)' was removed because its name contains a dollar sign.
The method '[Method] com.azure.android.communication.ui.calling.redux.state.AudioState copy$default(com.azure.android.communication.ui.calling.redux.state.AudioState p0, com.azure.android.communication.ui.calling.redux.state.AudioOperationalStatus p1, com.azure.android.communication.ui.calling.redux.state.AudioDeviceSelectionStatus p2, com.azure.android.communication.ui.calling.redux.state.BluetoothState p3, com.azure.android.communication.ui.calling.error.CallCompositeError p4, boolean p5, int p6, java.lang.Object p7)' was removed because its name contains a dollar sign.
The method '[Method] com.azure.android.communication.ui.calling.redux.state.BluetoothState copy$default(com.azure.android.communication.ui.calling.redux.state.BluetoothState p0, boolean p1, java.lang.String p2, int p3, java.lang.Object p4)' was removed because its name contains a dollar sign.
The method '[Method] com.azure.android.communication.ui.calling.redux.state.CallingState copy$default(com.azure.android.communication.ui.calling.redux.state.CallingState p0, com.azure.android.communication.ui.calling.redux.state.CallingStatus p1, boolean p2, boolean p3, boolean p4, int p5, java.lang.Object p6)' was removed because its name contains a dollar sign.
The method '[Method] com.azure.android.communication.ui.calling.redux.state.CameraState copy$default(com.azure.android.communication.ui.calling.redux.state.CameraState p0, com.azure.android.communication.ui.calling.redux.state.CameraOperationalStatus p1, com.azure.android.communication.ui.calling.redux.state.CameraDeviceSelectionStatus p2, com.azure.android.communication.ui.calling.redux.state.CameraTransmissionStatus p3, com.azure.android.communication.ui.calling.error.CallCompositeError p4, int p5, java.lang.Object p6)' was removed because its name contains a dollar sign.
The method '[Method] com.azure.android.communication.ui.calling.redux.state.ErrorState copy$default(com.azure.android.communication.ui.calling.redux.state.ErrorState p0, com.azure.android.communication.ui.calling.error.FatalError p1, com.azure.android.communication.ui.calling.error.CallStateError p2, int p3, java.lang.Object p4)' was removed because its name contains a dollar sign.
The method '[Method] com.azure.android.communication.ui.calling.redux.state.LifecycleState copy$default(com.azure.android.communication.ui.calling.redux.state.LifecycleState p0, com.azure.android.communication.ui.calling.redux.state.LifecycleStatus p1, int p2, java.lang.Object p3)' was removed because its name contains a dollar sign.
The method '[Method] com.azure.android.communication.ui.calling.redux.state.LocalUserState copy$default(com.azure.android.communication.ui.calling.redux.state.LocalUserState p0, com.azure.android.communication.ui.calling.redux.state.CameraState p1, com.azure.android.communication.ui.calling.redux.state.AudioState p2, java.lang.String p3, java.lang.String p4, int p5, java.lang.Object p6)' was removed because its name contains a dollar sign.
The method '[Method] com.azure.android.communication.ui.calling.redux.state.NavigationState copy$default(com.azure.android.communication.ui.calling.redux.state.NavigationState p0, com.azure.android.communication.ui.calling.redux.state.NavigationStatus p1, int p2, java.lang.Object p3)' was removed because its name contains a dollar sign.
The method '[Method] com.azure.android.communication.ui.calling.redux.state.PermissionState copy$default(com.azure.android.communication.ui.calling.redux.state.PermissionState p0, com.azure.android.communication.ui.calling.redux.state.PermissionStatus p1, com.azure.android.communication.ui.calling.redux.state.PermissionStatus p2, int p3, java.lang.Object p4)' was removed because its name contains a dollar sign.
The method '[Method] com.azure.android.communication.ui.calling.redux.state.RemoteParticipantsState copy$default(com.azure.android.communication.ui.calling.redux.state.RemoteParticipantsState p0, java.util.Map p1, java.lang.Number p2, int p3, java.lang.Object p4)' was removed because its name contains a dollar sign.
The method '[Method] kotlinx.coroutines.flow.MutableSharedFlow access$getCallInfoModelSharedFlow$p(com.azure.android.communication.ui.calling.service.CallingService $this)' was removed because its name contains a dollar sign.
The method '[Method] com.azure.android.communication.ui.calling.service.sdk.CallingSDKWrapper access$getCallingSDKWrapper$p(com.azure.android.communication.ui.calling.service.CallingService $this)' was removed because its name contains a dollar sign.
The method '[Method] com.azure.android.communication.ui.calling.redux.state.CallingStatus access$getCallingState(com.azure.android.communication.ui.calling.service.CallingService $this, com.azure.android.communication.ui.calling.service.sdk.CallingStateWrapper callingState)' was removed because its name contains a dollar sign.
The method '[Method] com.azure.android.communication.ui.calling.redux.state.CallingStatus access$getCallingStatus$p(com.azure.android.communication.ui.calling.service.CallingService $this)' was removed because its name contains a dollar sign.
The method '[Method] com.azure.android.communication.ui.calling.error.CallStateError access$getCallStateError(com.azure.android.communication.ui.calling.service.CallingService $this, com.azure.android.communication.ui.calling.service.sdk.CallingStateWrapper callingState)' was removed because its name contains a dollar sign.
The method '[Method] kotlinx.coroutines.flow.MutableSharedFlow access$getParticipantsInfoModelSharedFlow$p(com.azure.android.communication.ui.calling.service.CallingService $this)' was removed because its name contains a dollar sign.
The method '[Method] kotlinx.coroutines.flow.MutableSharedFlow access$isMutedSharedFlow$p(com.azure.android.communication.ui.calling.service.CallingService $this)' was removed because its name contains a dollar sign.
The method '[Method] kotlinx.coroutines.flow.MutableSharedFlow access$isRecordingSharedFlow$p(com.azure.android.communication.ui.calling.service.CallingService $this)' was removed because its name contains a dollar sign.
The method '[Method] kotlinx.coroutines.flow.MutableSharedFlow access$isTranscribingSharedFlow$p(com.azure.android.communication.ui.calling.service.CallingService $this)' was removed because its name contains a dollar sign.
The method '[Method] void access$setCallingStatus$p(com.azure.android.communication.ui.calling.service.CallingService $this, com.azure.android.communication.ui.calling.redux.state.CallingStatus <set-?>)' was removed because its name contains a dollar sign.
The method '[Method] java9.util.concurrent.CompletableFuture<java.lang.Void> endCall()' was removed because the Java return type 'java9.util.concurrent.CompletableFuture<java.lang.Void>' could not be found.
The method '[Method] kotlinx.coroutines.flow.SharedFlow<com.azure.android.communication.ui.calling.models.CallInfoModel> getCallInfoModelEventSharedFlow()' was removed because the Java return type 'kotlinx.coroutines.flow.SharedFlow<com.azure.android.communication.ui.calling.models.CallInfoModel>' could not be found.
The method '[Method] kotlinx.coroutines.flow.Flow<java.lang.Boolean> getIsMutedSharedFlow()' was removed because the Java return type 'kotlinx.coroutines.flow.Flow<java.lang.Boolean>' could not be found.
The method '[Method] kotlinx.coroutines.flow.Flow<java.lang.Boolean> getIsRecordingSharedFlow()' was removed because the Java return type 'kotlinx.coroutines.flow.Flow<java.lang.Boolean>' could not be found.
The method '[Method] kotlinx.coroutines.flow.Flow<java.lang.Boolean> getIsTranscribingSharedFlow()' was removed because the Java return type 'kotlinx.coroutines.flow.Flow<java.lang.Boolean>' could not be found.
The method '[Method] kotlinx.coroutines.flow.SharedFlow<java.util.Map<java.lang.String, com.azure.android.communication.ui.calling.models.ParticipantInfoModel>> getParticipantsInfoModelSharedFlow()' was removed because the Java return type 'kotlinx.coroutines.flow.SharedFlow<java.util.Map<java.lang.String, com.azure.android.communication.ui.calling.models.ParticipantInfoModel>>' could not be found.
The method '[Method] java9.util.concurrent.CompletableFuture<java.lang.Void> hold()' was removed because the Java return type 'java9.util.concurrent.CompletableFuture<java.lang.Void>' could not be found.
The method '[Method] java9.util.concurrent.CompletableFuture<java.lang.Void> resume()' was removed because the Java return type 'java9.util.concurrent.CompletableFuture<java.lang.Void>' could not be found.
The method '[Method] java9.util.concurrent.CompletableFuture<java.lang.Void> startCall(com.azure.android.communication.ui.calling.redux.state.CameraState cameraState, com.azure.android.communication.ui.calling.redux.state.AudioState audioState)' was removed because the Java return type 'java9.util.concurrent.CompletableFuture<java.lang.Void>' could not be found.
The method '[Method] java9.util.concurrent.CompletableFuture<com.azure.android.communication.ui.calling.redux.state.CameraDeviceSelectionStatus> switchCamera()' was removed because the Java return type 'java9.util.concurrent.CompletableFuture<com.azure.android.communication.ui.calling.redux.state.CameraDeviceSelectionStatus>' could not be found.
The method '[Method] java9.util.concurrent.CompletableFuture<java.lang.Void> turnCameraOff()' was removed because the Java return type 'java9.util.concurrent.CompletableFuture<java.lang.Void>' could not be found.
The method '[Method] java9.util.concurrent.CompletableFuture<java.lang.String> turnCameraOn()' was removed because the Java return type 'java9.util.concurrent.CompletableFuture<java.lang.String>' could not be found.
The method '[Method] java9.util.concurrent.CompletableFuture<java.lang.String> turnLocalCameraOn()' was removed because the Java return type 'java9.util.concurrent.CompletableFuture<java.lang.String>' could not be found.
The method '[Method] java9.util.concurrent.CompletableFuture<java.lang.Void> turnMicOff()' was removed because the Java return type 'java9.util.concurrent.CompletableFuture<java.lang.Void>' could not be found.
The method '[Method] java9.util.concurrent.CompletableFuture<java.lang.Void> turnMicOn()' was removed because the Java return type 'java9.util.concurrent.CompletableFuture<java.lang.Void>' could not be found.
The field 'Java.Interop.Tools.JavaTypeSystem.Models.JavaFieldModel' was removed because its name contains a dollar sign.
The method '[Method] void access$displayNotification(com.azure.android.communication.ui.calling.service.NotificationService $this)' was removed because its name contains a dollar sign.
The method '[Method] kotlinx.coroutines.flow.MutableStateFlow access$getCallingStatus$p(com.azure.android.communication.ui.calling.service.NotificationService $this)' was removed because its name contains a dollar sign.
The method '[Method] com.azure.android.communication.ui.calling.redux.Store access$getStore$p(com.azure.android.communication.ui.calling.service.NotificationService $this)' was removed because its name contains a dollar sign.
The method '[Method] void start(androidx.lifecycle.LifecycleCoroutineScope lifecycleScope)' was removed because the Java parameter type 'androidx.lifecycle.LifecycleCoroutineScope' could not be found.
The method '[Method] com.azure.android.communication.calling.Call access$getCall$p(com.azure.android.communication.ui.calling.service.sdk.CallingSDKEventHandler $this)' was removed because its name contains a dollar sign.
The method '[Method] kotlinx.coroutines.flow.MutableSharedFlow access$getCallingStateWrapperSharedFlow$p(com.azure.android.communication.ui.calling.service.sdk.CallingSDKEventHandler $this)' was removed because its name contains a dollar sign.
The method '[Method] com.azure.android.communication.calling.RecordingCallFeature access$getRecordingFeature$p(com.azure.android.communication.ui.calling.service.sdk.CallingSDKEventHandler $this)' was removed because its name contains a dollar sign.
The method '[Method] java.util.Map access$getRemoteParticipantsInfoModelMap$p(com.azure.android.communication.ui.calling.service.sdk.CallingSDKEventHandler $this)' was removed because its name contains a dollar sign.
The method '[Method] kotlinx.coroutines.flow.MutableSharedFlow access$getRemoteParticipantsInfoModelSharedFlow$p(com.azure.android.communication.ui.calling.service.sdk.CallingSDKEventHandler $this)' was removed because its name contains a dollar sign.
The method '[Method] com.azure.android.communication.calling.TranscriptionCallFeature access$getTranscriptionFeature$p(com.azure.android.communication.ui.calling.service.sdk.CallingSDKEventHandler $this)' was removed because its name contains a dollar sign.
The method '[Method] kotlinx.coroutines.flow.MutableSharedFlow access$isMutedSharedFlow$p(com.azure.android.communication.ui.calling.service.sdk.CallingSDKEventHandler $this)' was removed because its name contains a dollar sign.
The method '[Method] kotlinx.coroutines.flow.MutableSharedFlow access$isRecordingSharedFlow$p(com.azure.android.communication.ui.calling.service.sdk.CallingSDKEventHandler $this)' was removed because its name contains a dollar sign.
The method '[Method] kotlinx.coroutines.flow.MutableSharedFlow access$isTranscribingSharedFlow$p(com.azure.android.communication.ui.calling.service.sdk.CallingSDKEventHandler $this)' was removed because its name contains a dollar sign.
The method '[Method] void access$recreateFlows(com.azure.android.communication.ui.calling.service.sdk.CallingSDKEventHandler $this)' was removed because its name contains a dollar sign.
The method '[Method] kotlinx.coroutines.flow.SharedFlow<com.azure.android.communication.ui.calling.service.sdk.CallingStateWrapper> getCallingStateWrapperSharedFlow()' was removed because the Java return type 'kotlinx.coroutines.flow.SharedFlow<com.azure.android.communication.ui.calling.service.sdk.CallingStateWrapper>' could not be found.
The method '[Method] kotlinx.coroutines.flow.SharedFlow<java.lang.Boolean> getIsMutedSharedFlow()' was removed because the Java return type 'kotlinx.coroutines.flow.SharedFlow<java.lang.Boolean>' could not be found.
The method '[Method] kotlinx.coroutines.flow.SharedFlow<java.lang.Boolean> getIsRecordingSharedFlow()' was removed because the Java return type 'kotlinx.coroutines.flow.SharedFlow<java.lang.Boolean>' could not be found.
The method '[Method] kotlinx.coroutines.flow.SharedFlow<java.lang.Boolean> getIsTranscribingSharedFlow()' was removed because the Java return type 'kotlinx.coroutines.flow.SharedFlow<java.lang.Boolean>' could not be found.
The method '[Method] kotlinx.coroutines.flow.Flow<java.util.Map<java.lang.String, com.azure.android.communication.ui.calling.models.ParticipantInfoModel>> getRemoteParticipantInfoModelFlow()' was removed because the Java return type 'kotlinx.coroutines.flow.Flow<java.util.Map<java.lang.String, com.azure.android.communication.ui.calling.models.ParticipantInfoModel>>' could not be found.
The method '[Method] java.util.Map<java.lang.String, com.azure.android.communication.calling.RemoteParticipant> getRemoteParticipantsMap()' was removed because the Java return type 'java.util.Map<java.lang.String, com.azure.android.communication.calling.RemoteParticipant>' could not be found.
The method '[Method] void onJoinCall(com.azure.android.communication.calling.Call call)' was removed because the Java parameter type 'com.azure.android.communication.calling.Call' could not be found.
The field 'Java.Interop.Tools.JavaTypeSystem.Models.JavaFieldModel' was removed because its name contains a dollar sign.
The field 'Java.Interop.Tools.JavaTypeSystem.Models.JavaFieldModel' was removed because its name contains a dollar sign.
The method '[Method] java.util.Map<java.lang.String, com.azure.android.communication.calling.RemoteParticipant> getRemoteParticipantsMap()' was removed because the Java return type 'java.util.Map<java.lang.String, com.azure.android.communication.calling.RemoteParticipant>' could not be found.
The method '[Method] java9.util.concurrent.CompletableFuture<java.lang.Void> endCall()' was removed because the Java return type 'java9.util.concurrent.CompletableFuture<java.lang.Void>' could not be found.
The method '[Method] kotlinx.coroutines.flow.SharedFlow<com.azure.android.communication.ui.calling.service.sdk.CallingStateWrapper> getCallingStateWrapperSharedFlow()' was removed because the Java return type 'kotlinx.coroutines.flow.SharedFlow<com.azure.android.communication.ui.calling.service.sdk.CallingStateWrapper>' could not be found.
The method '[Method] kotlinx.coroutines.flow.SharedFlow<java.lang.Boolean> getIsMutedSharedFlow()' was removed because the Java return type 'kotlinx.coroutines.flow.SharedFlow<java.lang.Boolean>' could not be found.
The method '[Method] kotlinx.coroutines.flow.SharedFlow<java.lang.Boolean> getIsRecordingSharedFlow()' was removed because the Java return type 'kotlinx.coroutines.flow.SharedFlow<java.lang.Boolean>' could not be found.
The method '[Method] kotlinx.coroutines.flow.SharedFlow<java.lang.Boolean> getIsTranscribingSharedFlow()' was removed because the Java return type 'kotlinx.coroutines.flow.SharedFlow<java.lang.Boolean>' could not be found.
The method '[Method] java9.util.concurrent.CompletableFuture<com.azure.android.communication.calling.LocalVideoStream> getLocalVideoStream()' was removed because the Java return type 'java9.util.concurrent.CompletableFuture<com.azure.android.communication.calling.LocalVideoStream>' could not be found.
The method '[Method] kotlinx.coroutines.flow.Flow<java.util.Map<java.lang.String, com.azure.android.communication.ui.calling.models.ParticipantInfoModel>> getRemoteParticipantInfoModelSharedFlow()' was removed because the Java return type 'kotlinx.coroutines.flow.Flow<java.util.Map<java.lang.String, com.azure.android.communication.ui.calling.models.ParticipantInfoModel>>' could not be found.
The method '[Method] java.util.Map<java.lang.String, com.azure.android.communication.calling.RemoteParticipant> getRemoteParticipantsMap()' was removed because the Java return type 'java.util.Map<java.lang.String, com.azure.android.communication.calling.RemoteParticipant>' could not be found.
The method '[Method] java9.util.concurrent.CompletableFuture<java.lang.Void> hold()' was removed because the Java return type 'java9.util.concurrent.CompletableFuture<java.lang.Void>' could not be found.
The method '[Method] java9.util.concurrent.CompletableFuture<java.lang.Void> resume()' was removed because the Java return type 'java9.util.concurrent.CompletableFuture<java.lang.Void>' could not be found.
The method '[Method] java9.util.concurrent.CompletableFuture<java.lang.Void> startCall(com.azure.android.communication.ui.calling.redux.state.CameraState cameraState, com.azure.android.communication.ui.calling.redux.state.AudioState audioState)' was removed because the Java return type 'java9.util.concurrent.CompletableFuture<java.lang.Void>' could not be found.
The method '[Method] java9.util.concurrent.CompletableFuture<com.azure.android.communication.ui.calling.redux.state.CameraDeviceSelectionStatus> switchCameraAsync()' was removed because the Java return type 'java9.util.concurrent.CompletableFuture<com.azure.android.communication.ui.calling.redux.state.CameraDeviceSelectionStatus>' could not be found.
The method '[Method] java9.util.concurrent.CompletableFuture<java.lang.Void> turnOffMicAsync()' was removed because the Java return type 'java9.util.concurrent.CompletableFuture<java.lang.Void>' could not be found.
The method '[Method] java9.util.concurrent.CompletableFuture<java.lang.Void> turnOffVideoAsync()' was removed because the Java return type 'java9.util.concurrent.CompletableFuture<java.lang.Void>' could not be found.
The method '[Method] java9.util.concurrent.CompletableFuture<java.lang.Void> turnOnMicAsync()' was removed because the Java return type 'java9.util.concurrent.CompletableFuture<java.lang.Void>' could not be found.
The method '[Method] java9.util.concurrent.CompletableFuture<com.azure.android.communication.calling.LocalVideoStream> turnOnVideoAsync()' was removed because the Java return type 'java9.util.concurrent.CompletableFuture<com.azure.android.communication.calling.LocalVideoStream>' could not be found.
The field 'Java.Interop.Tools.JavaTypeSystem.Models.JavaFieldModel' was removed because its name contains a dollar sign.
The field 'Java.Interop.Tools.JavaTypeSystem.Models.JavaFieldModel' was removed because its name contains a dollar sign.
The field 'Java.Interop.Tools.JavaTypeSystem.Models.JavaFieldModel' was removed because its name contains a dollar sign.
The constructor 'Constructor: com.azure.android.communication.ui.calling.service.sdk.CallingStateWrapper.CallingStateWrapper' was removed because the Java parameter type 'com.azure.android.communication.calling.CallState' could not be found.
The constructor 'Constructor: com.azure.android.communication.ui.calling.service.sdk.CallingStateWrapper.CallingStateWrapper' was removed because the Java parameter type 'com.azure.android.communication.calling.CallState' could not be found.
The method '[Method] com.azure.android.communication.calling.CallState component1()' was removed because the Java return type 'com.azure.android.communication.calling.CallState' could not be found.
The method '[Method] com.azure.android.communication.ui.calling.service.sdk.CallingStateWrapper copy$default(com.azure.android.communication.ui.calling.service.sdk.CallingStateWrapper p0, com.azure.android.communication.calling.CallState p1, int p2, int p3, int p4, java.lang.Object p5)' was removed because its name contains a dollar sign.
The method '[Method] com.azure.android.communication.ui.calling.service.sdk.CallingStateWrapper copy(com.azure.android.communication.calling.CallState callState, int callEndReason, int callEndReasonSubCode)' was removed because the Java parameter type 'com.azure.android.communication.calling.CallState' could not be found.
The method '[Method] com.azure.android.communication.calling.CallState getCallState()' was removed because the Java return type 'com.azure.android.communication.calling.CallState' could not be found.
The method '[Method] com.azure.android.communication.ui.calling.models.VideoStreamModel create(java.util.List<com.azure.android.communication.calling.RemoteVideoStream> videoStreams, com.azure.android.communication.calling.MediaStreamType type)' was removed because the Java parameter type 'java.util.List' could not be found.
The method '[Method] com.azure.android.communication.ui.calling.models.VideoStreamModel create(java.util.List<com.azure.android.communication.calling.RemoteVideoStream> videoStreams, com.azure.android.communication.calling.MediaStreamType type)' was removed because the Java parameter type 'com.azure.android.communication.calling.MediaStreamType' could not be found.
The class '[Class] com.azure.android.communication.ui.calling.utilities.BottomCellAdapter' was removed because the Java base type 'androidx.recyclerview.widget.RecyclerView.Adapter<com.azure.android.communication.ui.calling.utilities.BottomCellViewHolder>' could not be found.
The method '[Method] com.azure.android.communication.ui.calling.utilities.BottomCellItem copy$default(com.azure.android.communication.ui.calling.utilities.BottomCellItem p0, android.graphics.drawable.Drawable p1, java.lang.String p2, java.lang.String p3, android.graphics.drawable.Drawable p4, java.lang.Integer p5, java.lang.String p6, java.lang.Boolean p7, com.azure.android.communication.ui.calling.models.CallCompositeParticipantViewData p8, boolean p9, com.azure.android.communication.ui.calling.utilities.BottomCellItemType p10, kotlin.jvm.functions.Function1 p11, int p12, java.lang.Object p13)' was removed because its name contains a dollar sign.
The class '[Class] com.azure.android.communication.ui.calling.utilities.BottomCellViewHolder' was removed because the Java base type 'androidx.recyclerview.widget.RecyclerView.ViewHolder' could not be found.

==== Cycle 2 ====

The class '[Class] com.azure.android.communication.ui.calling.presentation.fragment.calling.participant.grid.cell.ParticipantGridCellAvatarView.2' was removed because the Java base type 'kotlin.coroutines.jvm.internal.SuspendLambda' could not be found.
The class '[Class] com.azure.android.communication.ui.calling.presentation.fragment.calling.participant.grid.cell.ParticipantGridCellVideoView.2' was removed because the Java base type 'kotlin.coroutines.jvm.internal.SuspendLambda' could not be found.
The class '[Class] com.azure.android.communication.ui.calling.presentation.fragment.setup.components.AudioDeviceSetupButton' was removed because the Java base type 'com.azure.android.communication.ui.calling.presentation.fragment.setup.components.SetupButton' could not be found.
The class '[Class] com.azure.android.communication.ui.calling.utilities.BottomCellActionViewHolder' was removed because the Java base type 'com.azure.android.communication.ui.calling.utilities.BottomCellViewHolder' could not be found.

==== Cycle 3 ====

The class '[Class] com.azure.android.communication.ui.calling.presentation.fragment.calling.participant.grid.cell.ParticipantGridCellAvatarView.3' was removed because the Java base type 'kotlin.coroutines.jvm.internal.SuspendLambda' could not be found.
The class '[Class] com.azure.android.communication.ui.calling.presentation.fragment.calling.participant.grid.cell.ParticipantGridCellVideoView.3' was removed because the Java base type 'kotlin.coroutines.jvm.internal.SuspendLambda' could not be found.

==== Cycle 4 ====

The class '[Class] com.azure.android.communication.ui.calling.presentation.fragment.calling.participant.grid.cell.ParticipantGridCellAvatarView.4' was removed because the Java base type 'kotlin.coroutines.jvm.internal.SuspendLambda' could not be found.
The class '[Class] com.azure.android.communication.ui.calling.presentation.fragment.calling.participant.grid.cell.ParticipantGridCellVideoView.4' was removed because the Java base type 'kotlin.coroutines.jvm.internal.SuspendLambda' could not be found.

==== Cycle 5 ====

The class '[Class] com.azure.android.communication.ui.calling.presentation.fragment.calling.participant.grid.cell.ParticipantGridCellAvatarView.5' was removed because the Java base type 'kotlin.coroutines.jvm.internal.SuspendLambda' could not be found.
The class '[Class] com.azure.android.communication.ui.calling.presentation.fragment.calling.participant.grid.cell.ParticipantGridCellVideoView.5' was removed because the Java base type 'kotlin.coroutines.jvm.internal.SuspendLambda' could not be found.

